[debug] [2023-05-28T15:18:20.804Z] ----------------------------------------------------------------------
[debug] [2023-05-28T15:18:20.854Z] Command:       D:\nodejs\node.exe C:\Users\GOPALAKRISHNA R\AppData\Roaming\npm\node_modules\firebase-tools\lib\bin\firebase.js login
[debug] [2023-05-28T15:18:20.856Z] CLI Version:   12.2.1
[debug] [2023-05-28T15:18:20.858Z] Platform:      win32
[debug] [2023-05-28T15:18:20.858Z] Node Version:  v18.16.0
[debug] [2023-05-28T15:18:21.757Z] Time:          Sun May 28 2023 20:48:20 GMT+0530 (India Standard Time)
[debug] [2023-05-28T15:18:21.758Z] ----------------------------------------------------------------------
[debug] 
[info] i  Firebase optionally collects CLI and Emulator Suite usage and error reporting information to help improve our products. Data is collected in accordance with Google's privacy policy (https://policies.google.com/privacy) and is not used to identify you.
 
[info] i  To change your data collection preference at any time, run `firebase logout` and log in again. 
[info] 
[info] Visit this URL on this device to log in:
[info] https://accounts.google.com/o/oauth2/auth?client_id=563584335869-fgrhgmd47bqnekij5i8b5pr03ho849e6.apps.googleusercontent.com&scope=email%20openid%20https%3A%2F%2Fwww.googleapis.com%2Fauth%2Fcloudplatformprojects.readonly%20https%3A%2F%2Fwww.googleapis.com%2Fauth%2Ffirebase%20https%3A%2F%2Fwww.googleapis.com%2Fauth%2Fcloud-platform&response_type=code&state=358381261&redirect_uri=http%3A%2F%2Flocalhost%3A9005
[info] 
[info] Waiting for authentication...
[debug] [2023-05-28T15:21:55.195Z] ----------------------------------------------------------------------
[debug] [2023-05-28T15:21:55.199Z] Command:       D:\nodejs\node.exe C:\Users\GOPALAKRISHNA R\AppData\Roaming\npm\node_modules\firebase-tools\lib\bin\firebase.js login
[debug] [2023-05-28T15:21:55.200Z] CLI Version:   12.2.1
[debug] [2023-05-28T15:21:55.200Z] Platform:      win32
[debug] [2023-05-28T15:21:55.200Z] Node Version:  v18.16.0
[debug] [2023-05-28T15:21:55.202Z] Time:          Sun May 28 2023 20:51:55 GMT+0530 (India Standard Time)
[debug] [2023-05-28T15:21:55.203Z] ----------------------------------------------------------------------
[debug] 
[info] i  Firebase optionally collects CLI and Emulator Suite usage and error reporting information to help improve our products. Data is collected in accordance with Google's privacy policy (https://policies.google.com/privacy) and is not used to identify you.
 
[info] i  To change your data collection preference at any time, run `firebase logout` and log in again. 
[info] 
[info] Visit this URL on this device to log in:
[info] https://accounts.google.com/o/oauth2/auth?client_id=563584335869-fgrhgmd47bqnekij5i8b5pr03ho849e6.apps.googleusercontent.com&scope=email%20openid%20https%3A%2F%2Fwww.googleapis.com%2Fauth%2Fcloudplatformprojects.readonly%20https%3A%2F%2Fwww.googleapis.com%2Fauth%2Ffirebase%20https%3A%2F%2Fwww.googleapis.com%2Fauth%2Fcloud-platform&response_type=code&state=41772716&redirect_uri=http%3A%2F%2Flocalhost%3A9005
[info] 
[info] Waiting for authentication...
